<!--
  ~ Copyright 2018. AppDynamics LLC and its affiliates. All Rights Reserved.
  ~ This is unpublished proprietary source code of AppDynamics LLC and its affiliates. The copyright notice above does not evidence any actual or intended publication of such source code.
  -->

<stats>
    <stat origin="auctioneer" alias="Diego Auctioneer Metrics">
        <metric attr="auctioneer.TestLoggregatorMetric" alias="Test Loggregator Metric"/>
    </stat>
</stats>
